0 info it worked if it ends with ok
1 verbose cli [ '/Users/jimmyguo/.nvm/versions/node/v6.3.1/bin/node',
1 verbose cli   '/Users/jimmyguo/.nvm/versions/node/v6.3.1/bin/npm',
1 verbose cli   'run',
1 verbose cli   'tsrat' ]
2 info using npm@3.10.3
3 info using node@v6.3.1
4 verbose stack Error: missing script: tsrat
4 verbose stack     at run (/Users/jimmyguo/.nvm/versions/node/v6.3.1/lib/node_modules/npm/lib/run-script.js:151:19)
4 verbose stack     at /Users/jimmyguo/.nvm/versions/node/v6.3.1/lib/node_modules/npm/lib/run-script.js:61:5
4 verbose stack     at /Users/jimmyguo/.nvm/versions/node/v6.3.1/lib/node_modules/npm/node_modules/read-package-json/read-json.js:356:5
4 verbose stack     at checkBinReferences_ (/Users/jimmyguo/.nvm/versions/node/v6.3.1/lib/node_modules/npm/node_modules/read-package-json/read-json.js:320:45)
4 verbose stack     at final (/Users/jimmyguo/.nvm/versions/node/v6.3.1/lib/node_modules/npm/node_modules/read-package-json/read-json.js:354:3)
4 verbose stack     at then (/Users/jimmyguo/.nvm/versions/node/v6.3.1/lib/node_modules/npm/node_modules/read-package-json/read-json.js:124:5)
4 verbose stack     at /Users/jimmyguo/.nvm/versions/node/v6.3.1/lib/node_modules/npm/node_modules/read-package-json/read-json.js:311:12
4 verbose stack     at /Users/jimmyguo/.nvm/versions/node/v6.3.1/lib/node_modules/npm/node_modules/graceful-fs/graceful-fs.js:78:16
4 verbose stack     at tryToString (fs.js:455:3)
4 verbose stack     at FSReqWrap.readFileAfterClose [as oncomplete] (fs.js:442:12)
5 verbose cwd /Users/jimmyguo/renthero/tenant/Tenant_WebApp
6 error Darwin 18.0.0
7 error argv "/Users/jimmyguo/.nvm/versions/node/v6.3.1/bin/node" "/Users/jimmyguo/.nvm/versions/node/v6.3.1/bin/npm" "run" "tsrat"
8 error node v6.3.1
9 error npm  v3.10.3
10 error missing script: tsrat
11 error If you need help, you may report this error at:
11 error     <https://github.com/npm/npm/issues>
12 verbose exit [ 1, true ]
